{"/home/student/Desktop/kolos/TiJO_9/app/app.js":{"path":"/home/student/Desktop/kolos/TiJO_9/app/app.js","s":{"1":1,"2":3,"3":1,"4":2,"5":2,"6":1,"7":1,"8":1,"9":1,"10":1},"b":{"1":[1,2],"2":[3,2,2],"3":[1,1]},"f":{"1":3},"fnMap":{"1":{"name":"calculateTicketsPrice","line":1,"loc":{"start":{"line":1,"column":0},"end":{"line":2,"column":0}}}},"statementMap":{"1":{"start":{"line":1,"column":0},"end":{"line":18,"column":1}},"2":{"start":{"line":3,"column":4},"end":{"line":5,"column":5}},"3":{"start":{"line":4,"column":8},"end":{"line":4,"column":21}},"4":{"start":{"line":6,"column":4},"end":{"line":6,"column":44}},"5":{"start":{"line":7,"column":4},"end":{"line":14,"column":5}},"6":{"start":{"line":8,"column":8},"end":{"line":8,"column":53}},"7":{"start":{"line":9,"column":8},"end":{"line":9,"column":54}},"8":{"start":{"line":10,"column":8},"end":{"line":13,"column":9}},"9":{"start":{"line":15,"column":4},"end":{"line":17,"column":5}},"10":{"start":{"line":19,"column":0},"end":{"line":21,"column":2}}},"branchMap":{"1":{"line":3,"type":"if","locations":[{"start":{"line":3,"column":4},"end":{"line":3,"column":4}},{"start":{"line":3,"column":4},"end":{"line":3,"column":4}}]},"2":{"line":3,"type":"binary-expr","locations":[{"start":{"line":3,"column":8},"end":{"line":3,"column":19}},{"start":{"line":3,"column":23},"end":{"line":3,"column":35}},{"start":{"line":3,"column":39},"end":{"line":3,"column":55}}]},"3":{"line":7,"type":"if","locations":[{"start":{"line":7,"column":4},"end":{"line":7,"column":4}},{"start":{"line":7,"column":4},"end":{"line":7,"column":4}}]}}}}